{"numTotalTestSuites":22,"numPassedTestSuites":20,"numFailedTestSuites":2,"numPendingTestSuites":0,"numTotalTests":83,"numPassedTests":82,"numFailedTests":1,"numPendingTests":0,"numTodoTests":0,"snapshot":{"added":0,"failure":false,"filesAdded":0,"filesRemoved":0,"filesRemovedList":[],"filesUnmatched":0,"filesUpdated":0,"matched":0,"total":0,"unchecked":0,"uncheckedKeysByFile":[],"unmatched":0,"updated":0,"didUpdate":false},"startTime":1761211953560,"success":false,"testResults":[{"assertionResults":[{"ancestorTitles":["System Performance and Compatibility Tests"],"fullName":"System Performance and Compatibility Tests should handle complete component rendering performance","status":"passed","title":"should handle complete component rendering performance","duration":214.78039999999964,"failureMessages":[],"meta":{}},{"ancestorTitles":["System Performance and Compatibility Tests"],"fullName":"System Performance and Compatibility Tests should handle complete memory management workflow","status":"passed","title":"should handle complete memory management workflow","duration":37.36169999999947,"failureMessages":[],"meta":{}},{"ancestorTitles":["System Performance and Compatibility Tests"],"fullName":"System Performance and Compatibility Tests should handle complete responsive design workflow","status":"passed","title":"should handle complete responsive design workflow","duration":60.983000000000175,"failureMessages":[],"meta":{}},{"ancestorTitles":["System Performance and Compatibility Tests"],"fullName":"System Performance and Compatibility Tests should handle complete accessibility workflow","status":"passed","title":"should handle complete accessibility workflow","duration":35.415499999999156,"failureMessages":[],"meta":{}},{"ancestorTitles":["System Performance and Compatibility Tests"],"fullName":"System Performance and Compatibility Tests should handle complete error boundary workflow","status":"passed","title":"should handle complete error boundary workflow","duration":67.2533999999996,"failureMessages":[],"meta":{}},{"ancestorTitles":["System Performance and Compatibility Tests"],"fullName":"System Performance and Compatibility Tests should handle complete network resilience workflow","status":"passed","title":"should handle complete network resilience workflow","duration":30.475500000000466,"failureMessages":[],"meta":{}},{"ancestorTitles":["System Performance and Compatibility Tests"],"fullName":"System Performance and Compatibility Tests should handle complete browser compatibility workflow","status":"passed","title":"should handle complete browser compatibility workflow","duration":55.276200000000244,"failureMessages":[],"meta":{}}],"startTime":1761211976121,"endTime":1761211976624.2761,"status":"passed","message":"","name":"C:/Users/La Paix Technology/Desktop/CODING/infra-fix-citizen/src/components/system-performance.system.test.tsx"},{"assertionResults":[{"ancestorTitles":["Complete User Journey System Tests"],"fullName":"Complete User Journey System Tests should complete full user registration journey","status":"passed","title":"should complete full user registration journey","duration":338.5224999999991,"failureMessages":[],"meta":{}},{"ancestorTitles":["Complete User Journey System Tests"],"fullName":"Complete User Journey System Tests should complete full user authentication journey","status":"passed","title":"should complete full user authentication journey","duration":87.27740000000085,"failureMessages":[],"meta":{}},{"ancestorTitles":["Complete User Journey System Tests"],"fullName":"Complete User Journey System Tests should complete full user logout journey","status":"passed","title":"should complete full user logout journey","duration":69.59540000000015,"failureMessages":[],"meta":{}},{"ancestorTitles":["Complete User Journey System Tests"],"fullName":"Complete User Journey System Tests should handle complete error recovery journey","status":"passed","title":"should handle complete error recovery journey","duration":40.766200000000026,"failureMessages":[],"meta":{}},{"ancestorTitles":["Complete User Journey System Tests"],"fullName":"Complete User Journey System Tests should handle complete offline/online transition journey","status":"passed","title":"should handle complete offline/online transition journey","duration":32.46180000000095,"failureMessages":[],"meta":{}}],"startTime":1761211967059,"endTime":1761211967628.462,"status":"passed","message":"","name":"C:/Users/La Paix Technology/Desktop/CODING/infra-fix-citizen/src/contexts/user-journey.system.test.tsx"},{"assertionResults":[{"ancestorTitles":["Complete Issue Reporting System Tests"],"fullName":"Complete Issue Reporting System Tests should complete full issue reporting workflow","status":"passed","title":"should complete full issue reporting workflow","duration":262.5612999999994,"failureMessages":[],"meta":{}},{"ancestorTitles":["Complete Issue Reporting System Tests"],"fullName":"Complete Issue Reporting System Tests should handle complete geolocation workflow","status":"passed","title":"should handle complete geolocation workflow","duration":56.36300000000119,"failureMessages":[],"meta":{}},{"ancestorTitles":["Complete Issue Reporting System Tests"],"fullName":"Complete Issue Reporting System Tests should handle complete error recovery workflow","status":"failed","title":"should handle complete error recovery workflow","duration":27.72280000000137,"failureMessages":["ReferenceError: GeolocationPositionError is not defined\n    at C:\\Users\\La Paix Technology\\Desktop\\CODING\\infra-fix-citizen\\src\\components\\forms\\issue-reporting.system.test.tsx:174:11\n    at file:///C:/Users/La%20Paix%20Technology/Desktop/CODING/infra-fix-citizen/node_modules/@vitest/runner/dist/chunk-hooks.js:155:11\n    at file:///C:/Users/La%20Paix%20Technology/Desktop/CODING/infra-fix-citizen/node_modules/@vitest/runner/dist/chunk-hooks.js:752:26\n    at file:///C:/Users/La%20Paix%20Technology/Desktop/CODING/infra-fix-citizen/node_modules/@vitest/runner/dist/chunk-hooks.js:1897:20\n    at new Promise (<anonymous>)\n    at runWithTimeout (file:///C:/Users/La%20Paix%20Technology/Desktop/CODING/infra-fix-citizen/node_modules/@vitest/runner/dist/chunk-hooks.js:1863:10)\n    at runTest (file:///C:/Users/La%20Paix%20Technology/Desktop/CODING/infra-fix-citizen/node_modules/@vitest/runner/dist/chunk-hooks.js:1574:12)\n    at runSuite (file:///C:/Users/La%20Paix%20Technology/Desktop/CODING/infra-fix-citizen/node_modules/@vitest/runner/dist/chunk-hooks.js:1729:8)\n    at runSuite (file:///C:/Users/La%20Paix%20Technology/Desktop/CODING/infra-fix-citizen/node_modules/@vitest/runner/dist/chunk-hooks.js:1729:8)\n    at runFiles (file:///C:/Users/La%20Paix%20Technology/Desktop/CODING/infra-fix-citizen/node_modules/@vitest/runner/dist/chunk-hooks.js:1787:3)"],"meta":{}},{"ancestorTitles":["Complete Issue Reporting System Tests"],"fullName":"Complete Issue Reporting System Tests should handle complete offline/online workflow","status":"passed","title":"should handle complete offline/online workflow","duration":30.450999999999112,"failureMessages":[],"meta":{}},{"ancestorTitles":["Complete Issue Reporting System Tests"],"fullName":"Complete Issue Reporting System Tests should handle complete performance workflow","status":"passed","title":"should handle complete performance workflow","duration":64.181700000001,"failureMessages":[],"meta":{}}],"startTime":1761211968420,"endTime":1761211968861.1816,"status":"failed","message":"","name":"C:/Users/La Paix Technology/Desktop/CODING/infra-fix-citizen/src/components/forms/issue-reporting.system.test.tsx"},{"assertionResults":[{"ancestorTitles":["CitiznLogo"],"fullName":"CitiznLogo should render with default props","status":"passed","title":"should render with default props","duration":181.61039999999957,"failureMessages":[],"meta":{}},{"ancestorTitles":["CitiznLogo"],"fullName":"CitiznLogo should render icon variant","status":"passed","title":"should render icon variant","duration":50.21379999999954,"failureMessages":[],"meta":{}},{"ancestorTitles":["CitiznLogo"],"fullName":"CitiznLogo should render small size","status":"passed","title":"should render small size","duration":25.07600000000093,"failureMessages":[],"meta":{}},{"ancestorTitles":["CitiznLogo"],"fullName":"CitiznLogo should render large size","status":"passed","title":"should render large size","duration":24.365600000000995,"failureMessages":[],"meta":{}},{"ancestorTitles":["CitiznLogo"],"fullName":"CitiznLogo should apply custom className","status":"passed","title":"should apply custom className","duration":17.256499999999505,"failureMessages":[],"meta":{}},{"ancestorTitles":["CitiznLogo"],"fullName":"CitiznLogo should render icon variant with custom className","status":"passed","title":"should render icon variant with custom className","duration":16.218199999999342,"failureMessages":[],"meta":{}},{"ancestorTitles":["CitiznLogo"],"fullName":"CitiznLogo should render icon variant with different sizes","status":"passed","title":"should render icon variant with different sizes","duration":27.660299999999552,"failureMessages":[],"meta":{}},{"ancestorTitles":["CitiznLogo"],"fullName":"CitiznLogo should have proper gradient styling","status":"passed","title":"should have proper gradient styling","duration":20.305199999998877,"failureMessages":[],"meta":{}},{"ancestorTitles":["CitiznLogo"],"fullName":"CitiznLogo should have proper text gradient styling","status":"passed","title":"should have proper text gradient styling","duration":29.796000000000276,"failureMessages":[],"meta":{}},{"ancestorTitles":["CitiznLogo"],"fullName":"CitiznLogo should render geometric design elements","status":"passed","title":"should render geometric design elements","duration":14.731200000000172,"failureMessages":[],"meta":{}},{"ancestorTitles":["CitiznLogo"],"fullName":"CitiznLogo should maintain proper spacing and layout","status":"passed","title":"should maintain proper spacing and layout","duration":9.100099999999657,"failureMessages":[],"meta":{}}],"startTime":1761211966649,"endTime":1761211967067.1,"status":"passed","message":"","name":"C:/Users/La Paix Technology/Desktop/CODING/infra-fix-citizen/src/components/__tests__/CitiznLogo.test.tsx"},{"assertionResults":[{"ancestorTitles":["AuthContext"],"fullName":"AuthContext should provide initial state","status":"passed","title":"should provide initial state","duration":141.79080000000067,"failureMessages":[],"meta":{}},{"ancestorTitles":["AuthContext"],"fullName":"AuthContext should handle successful sign up","status":"passed","title":"should handle successful sign up","duration":47.72239999999874,"failureMessages":[],"meta":{}},{"ancestorTitles":["AuthContext"],"fullName":"AuthContext should handle sign up error","status":"passed","title":"should handle sign up error","duration":54.669299999999566,"failureMessages":[],"meta":{}},{"ancestorTitles":["AuthContext"],"fullName":"AuthContext should handle successful sign in","status":"passed","title":"should handle successful sign in","duration":15.033299999999144,"failureMessages":[],"meta":{}},{"ancestorTitles":["AuthContext"],"fullName":"AuthContext should handle Google sign in","status":"passed","title":"should handle Google sign in","duration":15.898700000001554,"failureMessages":[],"meta":{}},{"ancestorTitles":["AuthContext"],"fullName":"AuthContext should handle sign out","status":"passed","title":"should handle sign out","duration":11.53859999999986,"failureMessages":[],"meta":{}},{"ancestorTitles":["AuthContext"],"fullName":"AuthContext should handle offline mode","status":"passed","title":"should handle offline mode","duration":22.197000000000116,"failureMessages":[],"meta":{}},{"ancestorTitles":["AuthContext"],"fullName":"AuthContext should prevent sign up when offline","status":"passed","title":"should prevent sign up when offline","duration":15.895699999999124,"failureMessages":[],"meta":{}},{"ancestorTitles":["AuthContext"],"fullName":"AuthContext should prevent sign in when offline","status":"passed","title":"should prevent sign in when offline","duration":15.78729999999996,"failureMessages":[],"meta":{}},{"ancestorTitles":["AuthContext"],"fullName":"AuthContext should handle offline sign out","status":"passed","title":"should handle offline sign out","duration":9.467399999999543,"failureMessages":[],"meta":{}},{"ancestorTitles":["AuthContext"],"fullName":"AuthContext should throw error when used outside provider","status":"passed","title":"should throw error when used outside provider","duration":106.08480000000054,"failureMessages":[],"meta":{}}],"startTime":1761211976669,"endTime":1761211977128.0847,"status":"passed","message":"","name":"C:/Users/La Paix Technology/Desktop/CODING/infra-fix-citizen/src/contexts/__tests__/AuthContext.test.tsx"},{"assertionResults":[{"ancestorTitles":["useOnlineStatus"],"fullName":"useOnlineStatus should initialize with navigator.onLine state","status":"passed","title":"should initialize with navigator.onLine state","duration":114.6219000000001,"failureMessages":[],"meta":{}},{"ancestorTitles":["useOnlineStatus"],"fullName":"useOnlineStatus should handle offline state","status":"passed","title":"should handle offline state","duration":15.053799999999683,"failureMessages":[],"meta":{}},{"ancestorTitles":["useOnlineStatus"],"fullName":"useOnlineStatus should check connection when online","status":"passed","title":"should check connection when online","duration":18.189000000000306,"failureMessages":[],"meta":{}},{"ancestorTitles":["useOnlineStatus"],"fullName":"useOnlineStatus should handle connection check failure","status":"passed","title":"should handle connection check failure","duration":23.163700000000972,"failureMessages":[],"meta":{}},{"ancestorTitles":["useOnlineStatus"],"fullName":"useOnlineStatus should handle slow connection","status":"passed","title":"should handle slow connection","duration":9.970299999999042,"failureMessages":[],"meta":{}},{"ancestorTitles":["useOnlineStatus"],"fullName":"useOnlineStatus should handle online/offline events","status":"passed","title":"should handle online/offline events","duration":47.867599999999584,"failureMessages":[],"meta":{}},{"ancestorTitles":["useOnlineStatus"],"fullName":"useOnlineStatus should only check connection once per page load","status":"passed","title":"should only check connection once per page load","duration":24.920899999999165,"failureMessages":[],"meta":{}},{"ancestorTitles":["useOnlineStatus"],"fullName":"useOnlineStatus should handle timeout","status":"passed","title":"should handle timeout","duration":7.369999999998981,"failureMessages":[],"meta":{}},{"ancestorTitles":["useOnlineStatus"],"fullName":"useOnlineStatus should try multiple endpoints","status":"passed","title":"should try multiple endpoints","duration":15.862300000000687,"failureMessages":[],"meta":{}}],"startTime":1761211978080,"endTime":1761211978358.8623,"status":"passed","message":"","name":"C:/Users/La Paix Technology/Desktop/CODING/infra-fix-citizen/src/hooks/__tests__/use-online-status.test.ts"},{"assertionResults":[{"ancestorTitles":["useCreateOnlineIssue"],"fullName":"useCreateOnlineIssue should create online issue successfully","status":"passed","title":"should create online issue successfully","duration":124.8643000000011,"failureMessages":[],"meta":{}},{"ancestorTitles":["useCreateOnlineIssue"],"fullName":"useCreateOnlineIssue should handle creation error","status":"passed","title":"should handle creation error","duration":21.681399999999485,"failureMessages":[],"meta":{}},{"ancestorTitles":["useCreateOfflineIssue"],"fullName":"useCreateOfflineIssue should create offline issue successfully","status":"passed","title":"should create offline issue successfully","duration":27.717099999999846,"failureMessages":[],"meta":{}},{"ancestorTitles":["useCreateOfflineIssue"],"fullName":"useCreateOfflineIssue should handle offline creation error","status":"passed","title":"should handle offline creation error","duration":45.63230000000112,"failureMessages":[],"meta":{}},{"ancestorTitles":["useCreateOfflineIssue"],"fullName":"useCreateOfflineIssue should handle photos in offline issue","status":"passed","title":"should handle photos in offline issue","duration":22.91399999999885,"failureMessages":[],"meta":{}}],"startTime":1761211978783,"endTime":1761211979027.914,"status":"passed","message":"","name":"C:/Users/La Paix Technology/Desktop/CODING/infra-fix-citizen/src/hooks/__tests__/use-separate-issues.test.ts"},{"assertionResults":[{"ancestorTitles":["useToast"],"fullName":"useToast should initialize with empty toasts array","status":"passed","title":"should initialize with empty toasts array","duration":62.82519999999931,"failureMessages":[],"meta":{}},{"ancestorTitles":["useToast"],"fullName":"useToast should add a toast","status":"passed","title":"should add a toast","duration":26.41949999999997,"failureMessages":[],"meta":{}},{"ancestorTitles":["useToast"],"fullName":"useToast should add multiple toasts","status":"passed","title":"should add multiple toasts","duration":12.766200000000026,"failureMessages":[],"meta":{}},{"ancestorTitles":["useToast"],"fullName":"useToast should dismiss a specific toast","status":"passed","title":"should dismiss a specific toast","duration":9.036000000000058,"failureMessages":[],"meta":{}},{"ancestorTitles":["useToast"],"fullName":"useToast should dismiss all toasts","status":"passed","title":"should dismiss all toasts","duration":9.342099999999846,"failureMessages":[],"meta":{}},{"ancestorTitles":["useToast"],"fullName":"useToast should handle toast with variant","status":"passed","title":"should handle toast with variant","duration":7.188799999999901,"failureMessages":[],"meta":{}},{"ancestorTitles":["useToast"],"fullName":"useToast should handle toast with action","status":"passed","title":"should handle toast with action","duration":11.353900000000067,"failureMessages":[],"meta":{}},{"ancestorTitles":["useToast"],"fullName":"useToast should limit toast count","status":"passed","title":"should limit toast count","duration":6.697900000000118,"failureMessages":[],"meta":{}},{"ancestorTitles":["useToast"],"fullName":"useToast should return toast with update and dismiss methods","status":"passed","title":"should return toast with update and dismiss methods","duration":12.252300000000105,"failureMessages":[],"meta":{}},{"ancestorTitles":["useToast"],"fullName":"useToast should update toast","status":"passed","title":"should update toast","duration":6.306300000000192,"failureMessages":[],"meta":{}}],"startTime":1761211984384,"endTime":1761211984550.3064,"status":"passed","message":"","name":"C:/Users/La Paix Technology/Desktop/CODING/infra-fix-citizen/src/hooks/__tests__/use-toast.test.ts"},{"assertionResults":[{"ancestorTitles":["utils","cn"],"fullName":"utils cn should merge class names correctly","status":"passed","title":"should merge class names correctly","duration":30.19000000000051,"failureMessages":[],"meta":{}},{"ancestorTitles":["utils","cn"],"fullName":"utils cn should handle conditional classes","status":"passed","title":"should handle conditional classes","duration":1.6710000000002765,"failureMessages":[],"meta":{}},{"ancestorTitles":["utils","cn"],"fullName":"utils cn should handle undefined and null values","status":"passed","title":"should handle undefined and null values","duration":0.8560999999999694,"failureMessages":[],"meta":{}},{"ancestorTitles":["utils","cn"],"fullName":"utils cn should merge conflicting Tailwind classes","status":"passed","title":"should merge conflicting Tailwind classes","duration":3.7303000000001703,"failureMessages":[],"meta":{}},{"ancestorTitles":["utils","cn"],"fullName":"utils cn should handle arrays of classes","status":"passed","title":"should handle arrays of classes","duration":1.9185999999999694,"failureMessages":[],"meta":{}},{"ancestorTitles":["utils","cn"],"fullName":"utils cn should handle objects with boolean values","status":"passed","title":"should handle objects with boolean values","duration":1.999300000000403,"failureMessages":[],"meta":{}},{"ancestorTitles":["utils","cn"],"fullName":"utils cn should handle empty inputs","status":"passed","title":"should handle empty inputs","duration":1.432699999999386,"failureMessages":[],"meta":{}},{"ancestorTitles":["utils","cn"],"fullName":"utils cn should handle complex combinations","status":"passed","title":"should handle complex combinations","duration":0.8955999999998312,"failureMessages":[],"meta":{}}],"startTime":1761211984614,"endTime":1761211984659.8955,"status":"passed","message":"","name":"C:/Users/La Paix Technology/Desktop/CODING/infra-fix-citizen/src/lib/__tests__/utils.test.ts"},{"assertionResults":[{"ancestorTitles":["ReportForm"],"fullName":"ReportForm should render form with header and step indicator","status":"passed","title":"should render form with header and step indicator","duration":216.84070000000065,"failureMessages":[],"meta":{}},{"ancestorTitles":["ReportForm"],"fullName":"ReportForm should handle back button click","status":"passed","title":"should handle back button click","duration":31.88000000000102,"failureMessages":[],"meta":{}},{"ancestorTitles":["ReportForm"],"fullName":"ReportForm should handle geolocation not supported","status":"passed","title":"should handle geolocation not supported","duration":31.293899999998757,"failureMessages":[],"meta":{}},{"ancestorTitles":["ReportForm"],"fullName":"ReportForm should handle successful location capture","status":"passed","title":"should handle successful location capture","duration":49.26730000000134,"failureMessages":[],"meta":{}},{"ancestorTitles":["ReportForm"],"fullName":"ReportForm should handle location permission denied","status":"passed","title":"should handle location permission denied","duration":32.02560000000085,"failureMessages":[],"meta":{}},{"ancestorTitles":["ReportForm"],"fullName":"ReportForm should handle location timeout","status":"passed","title":"should handle location timeout","duration":19.38169999999991,"failureMessages":[],"meta":{}},{"ancestorTitles":["ReportForm"],"fullName":"ReportForm should handle location unavailable","status":"passed","title":"should handle location unavailable","duration":19.013199999999415,"failureMessages":[],"meta":{}},{"ancestorTitles":["ReportForm"],"fullName":"ReportForm should render form content placeholder","status":"passed","title":"should render form content placeholder","duration":25.639999999999418,"failureMessages":[],"meta":{}},{"ancestorTitles":["ReportForm"],"fullName":"ReportForm should have proper styling classes","status":"passed","title":"should have proper styling classes","duration":45.654200000000856,"failureMessages":[],"meta":{}},{"ancestorTitles":["ReportForm"],"fullName":"ReportForm should handle form submission when on final step","status":"passed","title":"should handle form submission when on final step","duration":25.530399999999645,"failureMessages":[],"meta":{}},{"ancestorTitles":["ReportForm"],"fullName":"ReportForm should handle user authentication state","status":"passed","title":"should handle user authentication state","duration":30.66569999999956,"failureMessages":[],"meta":{}},{"ancestorTitles":["ReportForm"],"fullName":"ReportForm should handle loading state","status":"passed","title":"should handle loading state","duration":15.501500000000306,"failureMessages":[],"meta":{}}],"startTime":1761211968615,"endTime":1761211969159.5015,"status":"passed","message":"","name":"C:/Users/La Paix Technology/Desktop/CODING/infra-fix-citizen/src/components/forms/__tests__/ReportForm.test.tsx"}]}