{"numTotalTestSuites":19,"numPassedTestSuites":11,"numFailedTestSuites":8,"numPendingTestSuites":0,"numTotalTests":66,"numPassedTests":60,"numFailedTests":6,"numPendingTests":0,"numTodoTests":0,"snapshot":{"added":0,"failure":false,"filesAdded":0,"filesRemoved":0,"filesRemovedList":[],"filesUnmatched":0,"filesUpdated":0,"matched":0,"total":0,"unchecked":0,"uncheckedKeysByFile":[],"unmatched":0,"updated":0,"didUpdate":false},"startTime":1765273864720,"success":false,"testResults":[{"assertionResults":[{"ancestorTitles":["System Performance and Compatibility Tests"],"fullName":"System Performance and Compatibility Tests should handle complete component rendering performance","status":"passed","title":"should handle complete component rendering performance","duration":30.41415200000006,"failureMessages":[],"meta":{}},{"ancestorTitles":["System Performance and Compatibility Tests"],"fullName":"System Performance and Compatibility Tests should handle complete memory management workflow","status":"passed","title":"should handle complete memory management workflow","duration":5.225263000000041,"failureMessages":[],"meta":{}},{"ancestorTitles":["System Performance and Compatibility Tests"],"fullName":"System Performance and Compatibility Tests should handle complete responsive design workflow","status":"passed","title":"should handle complete responsive design workflow","duration":7.723829000000023,"failureMessages":[],"meta":{}},{"ancestorTitles":["System Performance and Compatibility Tests"],"fullName":"System Performance and Compatibility Tests should handle complete accessibility workflow","status":"passed","title":"should handle complete accessibility workflow","duration":5.014868000000092,"failureMessages":[],"meta":{}},{"ancestorTitles":["System Performance and Compatibility Tests"],"fullName":"System Performance and Compatibility Tests should handle complete error boundary workflow","status":"passed","title":"should handle complete error boundary workflow","duration":4.8978049999999484,"failureMessages":[],"meta":{}},{"ancestorTitles":["System Performance and Compatibility Tests"],"fullName":"System Performance and Compatibility Tests should handle complete network resilience workflow","status":"passed","title":"should handle complete network resilience workflow","duration":2.995208000000048,"failureMessages":[],"meta":{}},{"ancestorTitles":["System Performance and Compatibility Tests"],"fullName":"System Performance and Compatibility Tests should handle complete browser compatibility workflow","status":"passed","title":"should handle complete browser compatibility workflow","duration":5.573134999999979,"failureMessages":[],"meta":{}}],"startTime":1765273872152,"endTime":1765273872213.5732,"status":"passed","message":"","name":"/vercel/sandbox/primary/src/components/system-performance.system.test.tsx"},{"assertionResults":[{"ancestorTitles":["Complete User Journey System Tests"],"fullName":"Complete User Journey System Tests should complete full user registration journey","status":"failed","title":"should complete full user registration journey","duration":1079.358576,"failureMessages":["AssertionError: expected \"spy\" to be called with arguments: [ { …(3) } ]\u001b[90m\n\nReceived: \n\n\u001b[1m  1st spy call:\n\n\u001b[22m\u001b[33m@@ -2,10 +2,12 @@\u001b[90m\n\u001b[2m    {\u001b[22m\n\u001b[2m      \"email\": \"system-test@example.com\",\u001b[22m\n\u001b[2m      \"options\": {\u001b[22m\n\u001b[2m        \"data\": {\u001b[22m\n\u001b[2m          \"full_name\": \"System Test User\",\u001b[22m\n\u001b[31m+         \"user_nickname\": undefined,\u001b[90m\n\u001b[2m        },\u001b[22m\n\u001b[31m+       \"emailRedirectTo\": \"http://localhost:3000/auth/confirm\",\u001b[90m\n\u001b[2m      },\u001b[22m\n\u001b[2m      \"password\": \"password123\",\u001b[22m\n\u001b[2m    },\u001b[22m\n\u001b[2m  ]\u001b[22m\n\u001b[39m\u001b[90m\n\nNumber of calls: \u001b[1m1\u001b[22m\n\u001b[39m\n\nIgnored nodes: comments, script, style\n\u001b[36m<html>\u001b[39m\n  \u001b[36m<head />\u001b[39m\n  \u001b[36m<body>\u001b[39m\n    \u001b[36m<div>\u001b[39m\n      \u001b[36m<div>\u001b[39m\n        \u001b[36m<div\u001b[39m\n          \u001b[33mdata-testid\u001b[39m=\u001b[32m\"app-status\"\u001b[39m\n        \u001b[36m>\u001b[39m\n          \u001b[0mNot logged in\u001b[0m\n        \u001b[36m</div>\u001b[39m\n        \u001b[36m<div>\u001b[39m\n          \u001b[36m<button\u001b[39m\n            \u001b[33mdata-testid\u001b[39m=\u001b[32m\"signup-btn\"\u001b[39m\n          \u001b[36m>\u001b[39m\n            \u001b[0mSign Up\u001b[0m\n          \u001b[36m</button>\u001b[39m\n          \u001b[36m<button\u001b[39m\n            \u001b[33mdata-testid\u001b[39m=\u001b[32m\"signin-btn\"\u001b[39m\n          \u001b[36m>\u001b[39m\n            \u001b[0mSign In\u001b[0m\n          \u001b[36m</button>\u001b[39m\n        \u001b[36m</div>\u001b[39m\n      \u001b[36m</div>\u001b[39m\n    \u001b[36m</div>\u001b[39m\n  \u001b[36m</body>\u001b[39m\n\u001b[36m</html>\u001b[39m\n    at Proxy.<anonymous> (file:///vercel/sandbox/primary/node_modules/@vitest/expect/dist/index.js:1355:10)\n    at Proxy.<anonymous> (file:///vercel/sandbox/primary/node_modules/@vitest/expect/dist/index.js:1029:14)\n    at Proxy.toHaveBeenCalledWith (file:///vercel/sandbox/primary/node_modules/chai/index.js:1686:25)\n    at /vercel/sandbox/primary/src/contexts/user-journey.system.test.tsx:168:40\n    at runWithExpensiveErrorDiagnosticsDisabled (/vercel/sandbox/primary/node_modules/@testing-library/dom/dist/config.js:47:12)\n    at checkCallback (/vercel/sandbox/primary/node_modules/@testing-library/dom/dist/wait-for.js:124:77)\n    at Timeout.checkRealTimersCallback (/vercel/sandbox/primary/node_modules/@testing-library/dom/dist/wait-for.js:118:16)\n    at listOnTimeout (node:internal/timers:594:17)\n    at processTimers (node:internal/timers:529:7)"],"meta":{}},{"ancestorTitles":["Complete User Journey System Tests"],"fullName":"Complete User Journey System Tests should complete full user authentication journey","status":"passed","title":"should complete full user authentication journey","duration":9.84954300000004,"failureMessages":[],"meta":{}},{"ancestorTitles":["Complete User Journey System Tests"],"fullName":"Complete User Journey System Tests should complete full user logout journey","status":"passed","title":"should complete full user logout journey","duration":11.022617999999966,"failureMessages":[],"meta":{}},{"ancestorTitles":["Complete User Journey System Tests"],"fullName":"Complete User Journey System Tests should handle complete error recovery journey","status":"passed","title":"should handle complete error recovery journey","duration":6.197615999999925,"failureMessages":[],"meta":{}},{"ancestorTitles":["Complete User Journey System Tests"],"fullName":"Complete User Journey System Tests should handle complete offline/online transition journey","status":"passed","title":"should handle complete offline/online transition journey","duration":5.222374999999829,"failureMessages":[],"meta":{}}],"startTime":1765273867010,"endTime":1765273868122.2224,"status":"failed","message":"","name":"/vercel/sandbox/primary/src/contexts/user-journey.system.test.tsx"},{"assertionResults":[{"ancestorTitles":["CitiznLogo"],"fullName":"CitiznLogo should render with default props","status":"passed","title":"should render with default props","duration":25.651337999999896,"failureMessages":[],"meta":{}},{"ancestorTitles":["CitiznLogo"],"fullName":"CitiznLogo should render icon variant","status":"passed","title":"should render icon variant","duration":7.217932000000019,"failureMessages":[],"meta":{}},{"ancestorTitles":["CitiznLogo"],"fullName":"CitiznLogo should render small size","status":"passed","title":"should render small size","duration":3.3634100000000444,"failureMessages":[],"meta":{}},{"ancestorTitles":["CitiznLogo"],"fullName":"CitiznLogo should render large size","status":"passed","title":"should render large size","duration":3.005092999999988,"failureMessages":[],"meta":{}},{"ancestorTitles":["CitiznLogo"],"fullName":"CitiznLogo should apply custom className","status":"passed","title":"should apply custom className","duration":3.4862589999999045,"failureMessages":[],"meta":{}},{"ancestorTitles":["CitiznLogo"],"fullName":"CitiznLogo should render icon variant with custom className","status":"passed","title":"should render icon variant with custom className","duration":1.9447829999999158,"failureMessages":[],"meta":{}},{"ancestorTitles":["CitiznLogo"],"fullName":"CitiznLogo should render icon variant with different sizes","status":"passed","title":"should render icon variant with different sizes","duration":2.971548999999982,"failureMessages":[],"meta":{}},{"ancestorTitles":["CitiznLogo"],"fullName":"CitiznLogo should have proper gradient styling","status":"passed","title":"should have proper gradient styling","duration":3.1778759999999693,"failureMessages":[],"meta":{}},{"ancestorTitles":["CitiznLogo"],"fullName":"CitiznLogo should have proper text gradient styling","status":"passed","title":"should have proper text gradient styling","duration":2.189530999999988,"failureMessages":[],"meta":{}},{"ancestorTitles":["CitiznLogo"],"fullName":"CitiznLogo should render geometric design elements","status":"passed","title":"should render geometric design elements","duration":2.401894000000084,"failureMessages":[],"meta":{}},{"ancestorTitles":["CitiznLogo"],"fullName":"CitiznLogo should maintain proper spacing and layout","status":"passed","title":"should maintain proper spacing and layout","duration":1.695524999999975,"failureMessages":[],"meta":{}}],"startTime":1765273874655,"endTime":1765273874712.6956,"status":"passed","message":"","name":"/vercel/sandbox/primary/src/components/__tests__/CitiznLogo.test.tsx"},{"assertionResults":[{"ancestorTitles":["Complete Issue Reporting System Tests"],"fullName":"Complete Issue Reporting System Tests should complete full issue reporting workflow","status":"passed","title":"should complete full issue reporting workflow","duration":46.27906600000006,"failureMessages":[],"meta":{}},{"ancestorTitles":["Complete Issue Reporting System Tests"],"fullName":"Complete Issue Reporting System Tests should handle complete geolocation workflow","status":"passed","title":"should handle complete geolocation workflow","duration":9.741232999999966,"failureMessages":[],"meta":{}},{"ancestorTitles":["Complete Issue Reporting System Tests"],"fullName":"Complete Issue Reporting System Tests should handle complete error recovery workflow","status":"failed","title":"should handle complete error recovery workflow","duration":3.6025700000000143,"failureMessages":["ReferenceError: GeolocationPositionError is not defined\n    at /vercel/sandbox/primary/src/components/forms/issue-reporting.system.test.tsx:174:11\n    at file:///vercel/sandbox/primary/node_modules/@vitest/runner/dist/chunk-hooks.js:155:11\n    at file:///vercel/sandbox/primary/node_modules/@vitest/runner/dist/chunk-hooks.js:752:26\n    at file:///vercel/sandbox/primary/node_modules/@vitest/runner/dist/chunk-hooks.js:1897:20\n    at new Promise (<anonymous>)\n    at runWithTimeout (file:///vercel/sandbox/primary/node_modules/@vitest/runner/dist/chunk-hooks.js:1863:10)\n    at runTest (file:///vercel/sandbox/primary/node_modules/@vitest/runner/dist/chunk-hooks.js:1574:12)\n    at runSuite (file:///vercel/sandbox/primary/node_modules/@vitest/runner/dist/chunk-hooks.js:1729:8)\n    at runSuite (file:///vercel/sandbox/primary/node_modules/@vitest/runner/dist/chunk-hooks.js:1729:8)\n    at runFiles (file:///vercel/sandbox/primary/node_modules/@vitest/runner/dist/chunk-hooks.js:1787:3)"],"meta":{}},{"ancestorTitles":["Complete Issue Reporting System Tests"],"fullName":"Complete Issue Reporting System Tests should handle complete offline/online workflow","status":"passed","title":"should handle complete offline/online workflow","duration":5.95017699999994,"failureMessages":[],"meta":{}},{"ancestorTitles":["Complete Issue Reporting System Tests"],"fullName":"Complete Issue Reporting System Tests should handle complete performance workflow","status":"passed","title":"should handle complete performance workflow","duration":7.621030000000019,"failureMessages":[],"meta":{}}],"startTime":1765273870343,"endTime":1765273870416.621,"status":"failed","message":"","name":"/vercel/sandbox/primary/src/components/forms/issue-reporting.system.test.tsx"},{"assertionResults":[{"ancestorTitles":["AuthContext"],"fullName":"AuthContext should provide initial state","status":"passed","title":"should provide initial state","duration":23.870607000000064,"failureMessages":[],"meta":{}},{"ancestorTitles":["AuthContext"],"fullName":"AuthContext should handle successful sign up","status":"failed","title":"should handle successful sign up","duration":13.378983000000062,"failureMessages":["AssertionError: expected \"spy\" to be called with arguments: [ { email: 'test@example.com', …(2) } ]\u001b[90m\n\nReceived: \n\n\u001b[1m  1st spy call:\n\n\u001b[22m\u001b[33m@@ -2,10 +2,12 @@\u001b[90m\n\u001b[2m    {\u001b[22m\n\u001b[2m      \"email\": \"test@example.com\",\u001b[22m\n\u001b[2m      \"options\": {\u001b[22m\n\u001b[2m        \"data\": {\u001b[22m\n\u001b[2m          \"full_name\": \"Test User\",\u001b[22m\n\u001b[31m+         \"user_nickname\": undefined,\u001b[90m\n\u001b[2m        },\u001b[22m\n\u001b[31m+       \"emailRedirectTo\": \"http://localhost:3000/auth/confirm\",\u001b[90m\n\u001b[2m      },\u001b[22m\n\u001b[2m      \"password\": \"password123\",\u001b[22m\n\u001b[2m    },\u001b[22m\n\u001b[2m  ]\u001b[22m\n\u001b[39m\u001b[90m\n\nNumber of calls: \u001b[1m1\u001b[22m\n\u001b[39m\n    at Proxy.<anonymous> (file:///vercel/sandbox/primary/node_modules/@vitest/expect/dist/index.js:1355:10)\n    at Proxy.<anonymous> (file:///vercel/sandbox/primary/node_modules/@vitest/expect/dist/index.js:1029:14)\n    at Proxy.toHaveBeenCalledWith (file:///vercel/sandbox/primary/node_modules/chai/index.js:1686:25)\n    at /vercel/sandbox/primary/src/contexts/__tests__/AuthContext.test.tsx:98:38\n    at file:///vercel/sandbox/primary/node_modules/@vitest/runner/dist/chunk-hooks.js:752:20"],"meta":{}},{"ancestorTitles":["AuthContext"],"fullName":"AuthContext should handle sign up error","status":"failed","title":"should handle sign up error","duration":4.0553520000000844,"failureMessages":["AssertionError: expected Error: signUp failed. Please try again. { code: '…' } to be Error: Sign up failed // Object.is equality\n    at /vercel/sandbox/primary/src/contexts/__tests__/AuthContext.test.tsx:135:30"],"meta":{}},{"ancestorTitles":["AuthContext"],"fullName":"AuthContext should handle successful sign in","status":"passed","title":"should handle successful sign in","duration":3.3394610000000284,"failureMessages":[],"meta":{}},{"ancestorTitles":["AuthContext"],"fullName":"AuthContext should handle Google sign in","status":"failed","title":"should handle Google sign in","duration":3.001591999999846,"failureMessages":["AssertionError: expected \"spy\" to be called with arguments: [ { provider: 'google', …(1) } ]\u001b[90m\n\nReceived: \n\n\u001b[1m  1st spy call:\n\n\u001b[22m\u001b[2m  [\u001b[22m\n\u001b[2m    {\u001b[22m\n\u001b[2m      \"options\": {\u001b[22m\n\u001b[32m-       \"redirectTo\": \"http://localhost:3000/citizen\",\u001b[90m\n\u001b[31m+       \"queryParams\": {\u001b[90m\n\u001b[31m+         \"access_type\": \"offline\",\u001b[90m\n\u001b[31m+         \"prompt\": \"consent\",\u001b[90m\n\u001b[31m+       },\u001b[90m\n\u001b[31m+       \"redirectTo\": \"http://localhost:3000/auth/callback\",\u001b[90m\n\u001b[2m      },\u001b[22m\n\u001b[2m      \"provider\": \"google\",\u001b[22m\n\u001b[2m    },\u001b[22m\n\u001b[2m  ]\u001b[22m\n\u001b[39m\u001b[90m\n\nNumber of calls: \u001b[1m1\u001b[22m\n\u001b[39m\n    at Proxy.<anonymous> (file:///vercel/sandbox/primary/node_modules/@vitest/expect/dist/index.js:1355:10)\n    at Proxy.<anonymous> (file:///vercel/sandbox/primary/node_modules/@vitest/expect/dist/index.js:1029:14)\n    at Proxy.toHaveBeenCalledWith (file:///vercel/sandbox/primary/node_modules/chai/index.js:1686:25)\n    at /vercel/sandbox/primary/src/contexts/__tests__/AuthContext.test.tsx:194:47\n    at file:///vercel/sandbox/primary/node_modules/@vitest/runner/dist/chunk-hooks.js:752:20"],"meta":{}},{"ancestorTitles":["AuthContext"],"fullName":"AuthContext should handle sign out","status":"passed","title":"should handle sign out","duration":54.553447000000006,"failureMessages":[],"meta":{}},{"ancestorTitles":["AuthContext"],"fullName":"AuthContext should handle offline mode","status":"passed","title":"should handle offline mode","duration":2.381744000000026,"failureMessages":[],"meta":{}},{"ancestorTitles":["AuthContext"],"fullName":"AuthContext should prevent sign up when offline","status":"passed","title":"should prevent sign up when offline","duration":2.341662000000042,"failureMessages":[],"meta":{}},{"ancestorTitles":["AuthContext"],"fullName":"AuthContext should prevent sign in when offline","status":"passed","title":"should prevent sign in when offline","duration":2.356723000000102,"failureMessages":[],"meta":{}},{"ancestorTitles":["AuthContext"],"fullName":"AuthContext should handle offline sign out","status":"failed","title":"should handle offline sign out","duration":52.572836999999936,"failureMessages":["AssertionError: expected \"spy\" to not be called at all, but actually been called 1 times\u001b[90m\n\nReceived: \n\n\u001b[1m  1st spy call:\n\n\u001b[22m    Array []\n\u001b[39m\u001b[90m\n\nNumber of calls: \u001b[1m1\u001b[22m\n\u001b[39m\n    at Proxy.<anonymous> (file:///vercel/sandbox/primary/node_modules/@vitest/expect/dist/index.js:1335:10)\n    at Proxy.<anonymous> (file:///vercel/sandbox/primary/node_modules/@vitest/expect/dist/index.js:1029:14)\n    at Proxy.toHaveBeenCalled (file:///vercel/sandbox/primary/node_modules/chai/index.js:1686:25)\n    at /vercel/sandbox/primary/src/contexts/__tests__/AuthContext.test.tsx:344:43\n    at file:///vercel/sandbox/primary/node_modules/@vitest/runner/dist/chunk-hooks.js:752:20"],"meta":{}},{"ancestorTitles":["AuthContext"],"fullName":"AuthContext should throw error when used outside provider","status":"passed","title":"should throw error when used outside provider","duration":9.450960000000123,"failureMessages":[],"meta":{}}],"startTime":1765273865977,"endTime":1765273866148.451,"status":"failed","message":"","name":"/vercel/sandbox/primary/src/contexts/__tests__/AuthContext.test.tsx"},{"assertionResults":[{"ancestorTitles":["useOnlineStatus"],"fullName":"useOnlineStatus should initialize with navigator.onLine state","status":"passed","title":"should initialize with navigator.onLine state","duration":15.068182999999976,"failureMessages":[],"meta":{}},{"ancestorTitles":["useOnlineStatus"],"fullName":"useOnlineStatus should handle offline state","status":"passed","title":"should handle offline state","duration":1.7200720000000729,"failureMessages":[],"meta":{}},{"ancestorTitles":["useOnlineStatus"],"fullName":"useOnlineStatus should check connection when online","status":"passed","title":"should check connection when online","duration":3.0606730000000653,"failureMessages":[],"meta":{}},{"ancestorTitles":["useOnlineStatus"],"fullName":"useOnlineStatus should handle connection check failure","status":"passed","title":"should handle connection check failure","duration":2.314273000000071,"failureMessages":[],"meta":{}},{"ancestorTitles":["useOnlineStatus"],"fullName":"useOnlineStatus should handle slow connection","status":"passed","title":"should handle slow connection","duration":1.6193649999999025,"failureMessages":[],"meta":{}},{"ancestorTitles":["useOnlineStatus"],"fullName":"useOnlineStatus should handle online/offline events","status":"passed","title":"should handle online/offline events","duration":2.6821800000000167,"failureMessages":[],"meta":{}},{"ancestorTitles":["useOnlineStatus"],"fullName":"useOnlineStatus should only check connection once per page load","status":"passed","title":"should only check connection once per page load","duration":8.704412999999931,"failureMessages":[],"meta":{}},{"ancestorTitles":["useOnlineStatus"],"fullName":"useOnlineStatus should handle timeout","status":"passed","title":"should handle timeout","duration":2.0609850000000733,"failureMessages":[],"meta":{}},{"ancestorTitles":["useOnlineStatus"],"fullName":"useOnlineStatus should try multiple endpoints","status":"passed","title":"should try multiple endpoints","duration":3.313438999999903,"failureMessages":[],"meta":{}}],"startTime":1765273873024,"endTime":1765273873064.3135,"status":"passed","message":"","name":"/vercel/sandbox/primary/src/hooks/__tests__/use-online-status.test.ts"},{"assertionResults":[],"startTime":1765273864720,"endTime":1765273864720,"status":"failed","message":"Missing Supabase environment variables. Please check your .env file and ensure VITE_SUPABASE_URL and VITE_SUPABASE_ANON_KEY are set.","name":"/vercel/sandbox/primary/src/hooks/__tests__/use-separate-issues.test.ts"},{"assertionResults":[{"ancestorTitles":["useToast"],"fullName":"useToast should initialize with empty toasts array","status":"passed","title":"should initialize with empty toasts array","duration":10.545693000000028,"failureMessages":[],"meta":{}},{"ancestorTitles":["useToast"],"fullName":"useToast should add a toast","status":"passed","title":"should add a toast","duration":3.4165850000000546,"failureMessages":[],"meta":{}},{"ancestorTitles":["useToast"],"fullName":"useToast should add multiple toasts","status":"passed","title":"should add multiple toasts","duration":1.9173090000000457,"failureMessages":[],"meta":{}},{"ancestorTitles":["useToast"],"fullName":"useToast should dismiss a specific toast","status":"passed","title":"should dismiss a specific toast","duration":2.223314000000073,"failureMessages":[],"meta":{}},{"ancestorTitles":["useToast"],"fullName":"useToast should dismiss all toasts","status":"passed","title":"should dismiss all toasts","duration":1.9198800000000347,"failureMessages":[],"meta":{}},{"ancestorTitles":["useToast"],"fullName":"useToast should handle toast with variant","status":"passed","title":"should handle toast with variant","duration":1.2296559999999772,"failureMessages":[],"meta":{}},{"ancestorTitles":["useToast"],"fullName":"useToast should handle toast with action","status":"passed","title":"should handle toast with action","duration":2.042609000000084,"failureMessages":[],"meta":{}},{"ancestorTitles":["useToast"],"fullName":"useToast should limit toast count","status":"passed","title":"should limit toast count","duration":1.382703000000106,"failureMessages":[],"meta":{}},{"ancestorTitles":["useToast"],"fullName":"useToast should return toast with update and dismiss methods","status":"passed","title":"should return toast with update and dismiss methods","duration":1.9555429999999205,"failureMessages":[],"meta":{}},{"ancestorTitles":["useToast"],"fullName":"useToast should update toast","status":"passed","title":"should update toast","duration":1.3436739999999645,"failureMessages":[],"meta":{}}],"startTime":1765273873820,"endTime":1765273873848.3438,"status":"passed","message":"","name":"/vercel/sandbox/primary/src/hooks/__tests__/use-toast.test.ts"},{"assertionResults":[{"ancestorTitles":["utils","cn"],"fullName":"utils cn should merge class names correctly","status":"passed","title":"should merge class names correctly","duration":4.39028600000006,"failureMessages":[],"meta":{}},{"ancestorTitles":["utils","cn"],"fullName":"utils cn should handle conditional classes","status":"passed","title":"should handle conditional classes","duration":0.3191269999999804,"failureMessages":[],"meta":{}},{"ancestorTitles":["utils","cn"],"fullName":"utils cn should handle undefined and null values","status":"passed","title":"should handle undefined and null values","duration":0.138149999999996,"failureMessages":[],"meta":{}},{"ancestorTitles":["utils","cn"],"fullName":"utils cn should merge conflicting Tailwind classes","status":"passed","title":"should merge conflicting Tailwind classes","duration":0.7047280000000455,"failureMessages":[],"meta":{}},{"ancestorTitles":["utils","cn"],"fullName":"utils cn should handle arrays of classes","status":"passed","title":"should handle arrays of classes","duration":0.20647599999995236,"failureMessages":[],"meta":{}},{"ancestorTitles":["utils","cn"],"fullName":"utils cn should handle objects with boolean values","status":"passed","title":"should handle objects with boolean values","duration":0.15864199999998618,"failureMessages":[],"meta":{}},{"ancestorTitles":["utils","cn"],"fullName":"utils cn should handle empty inputs","status":"passed","title":"should handle empty inputs","duration":0.20383300000003146,"failureMessages":[],"meta":{}},{"ancestorTitles":["utils","cn"],"fullName":"utils cn should handle complex combinations","status":"passed","title":"should handle complex combinations","duration":0.1438420000000633,"failureMessages":[],"meta":{}}],"startTime":1765273875475,"endTime":1765273875481.2039,"status":"passed","message":"","name":"/vercel/sandbox/primary/src/lib/__tests__/utils.test.ts"},{"assertionResults":[],"startTime":1765273864720,"endTime":1765273864720,"status":"failed","message":"Missing Supabase environment variables. Please check your .env file and ensure VITE_SUPABASE_URL and VITE_SUPABASE_ANON_KEY are set.","name":"/vercel/sandbox/primary/src/components/forms/__tests__/ReportForm.test.tsx"}]}